<?xml version="1.0" encoding="UTF-8"?>
<testsuite name="SimpleBankSystemTest" tests="1" skipped="0" failures="0" errors="0" timestamp="2020-11-19T18:29:50" hostname="DESKTOP-E1ML8SG" time="0.861">
  <properties/>
  <testcase name="start" classname="SimpleBankSystemTest" time="0.861"/>
  <system-out><![CDATA[?[1;31m
Start test 1?[0m
Connected to database.
1. Create an account
2. Log into account
0. Exit
> 0

Bye!
?[1;31m
Start test 2?[0m
Connected to database.
1. Create an account
2. Log into account
0. Exit
> 0

Bye!
?[1;31m
Start test 3?[0m
Connected to database.
1. Create an account
2. Log into account
0. Exit
> 0

Bye!
?[1;31m
Start test 4?[0m
Connected to database.
1. Create an account
2. Log into account
0. Exit
> 0

Bye!
?[1;31m
Start test 5?[0m
Connected to database.
1. Create an account
2. Log into account
0. Exit
> 1

Your card has been created
Your card number:
4000006863149935
Your card PIN: 
6890

1. Create an account
2. Log into account
0. Exit
> 1

Your card has been created
Your card number:
4000009714479196
Your card PIN: 
2287

1. Create an account
2. Log into account
0. Exit
> 1

Your card has been created
Your card number:
4000003348854569
Your card PIN: 
6135

1. Create an account
2. Log into account
0. Exit
> 1

Your card has been created
Your card number:
4000005121593389
Your card PIN: 
4524

1. Create an account
2. Log into account
0. Exit
> 1

Your card has been created
Your card number:
4000004828605109
Your card PIN: 
7762

1. Create an account
2. Log into account
0. Exit
> 0

Bye!
4000006863149935
4000009714479196
4000003348854569
4000005121593389
4000004828605109
?[1;31m
Start test 6?[0m
Connected to database.
1. Create an account
2. Log into account
0. Exit
> 1

Your card has been created
Your card number:
4000003833557644
Your card PIN: 
8619

1. Create an account
2. Log into account
0. Exit
> 2

Enter your card number: 
> 4000003833557644
Enter your PIN: 
> 8619

You have successfully logged in!

1. Balance
2. Log out
0. Exit
> 0
Bye!
?[1;31m
Start test 7?[0m
Connected to database.
1. Create an account
2. Log into account
0. Exit
> 1

Your card has been created
Your card number:
4000004377577196
Your card PIN: 
5997

1. Create an account
2. Log into account
0. Exit
> 2

Enter your card number: 
> 4000004377577196
Enter your PIN: 
> 1194

Wrong card number or PIN

1. Create an account
2. Log into account
0. Exit
> 0

Bye!
?[1;31m
Start test 8?[0m
Connected to database.
1. Create an account
2. Log into account
0. Exit
> 1

Your card has been created
Your card number:
4000006791507345
Your card PIN: 
4522

1. Create an account
2. Log into account
0. Exit
> 2

Enter your card number: 
> 400000673940316
Enter your PIN: 
> 4522

Wrong card number or PIN

1. Create an account
2. Log into account
0. Exit
> 0

Bye!
?[1;31m
Start test 9?[0m
Connected to database.
1. Create an account
2. Log into account
0. Exit
> 1

Your card has been created
Your card number:
4000001570981985
Your card PIN: 
9899

1. Create an account
2. Log into account
0. Exit
> 2

Enter your card number: 
> 4000001570981985
Enter your PIN: 
> 9899

You have successfully logged in!

1. Balance
2. Log out
0. Exit
> 1

Balance: 0

1. Balance
2. Log out
0. Exit
> 0
Bye!
]]></system-out>
  <system-err><![CDATA[]]></system-err>
</testsuite>
